A51 MACRO ASSEMBLER  20231123_T1                                                          11/24/2023 04:21:50 PAGE     1


MACRO ASSEMBLER A51 V8.01
OBJECT MODULE PLACED IN 20231123_t1.OBJ
ASSEMBLER INVOKED BY: D:\Keil_c51\C51\BIN\A51.EXE 20231123_t1.ASM SET(SMALL) DEBUG EP

LOC  OBJ            LINE     SOURCE

0000                   1             ORG 0000H
0000 020100            2             LJMP MAIN
0003                   3             ORG 0003H
0003 020200            4             LJMP INTT0
0013                   5             ORG 0013H
0013 020300            6             LJMP INTT1
                       7     
0100                   8             ORG 0100H
0100                   9     MAIN: 
0100 D290             10             SETB P1.0 ;PWM输出端口
0102 C296             11             CLR P1.6;清零INTT0 溢出标志
0104 D297             12             SETB P1.7;设置INTT1 溢出标志
0106 758911           13             MOV TMOD,#11H;定时器T0，T1,模式1
                      14     
0109 D2AF             15             SETB EA;CPU 开放中断
010B D288             16             SETB IT0;边沿触发
010D D28A             17             SETB IT1
010F D2A8             18             SETB EX0;允许外部中断
0111 D2AA             19             SETB EX1
                      20     
0113 78FF             21             MOV R0,#0FFH ;R0,R1 保存高电平维持时间
0115 79FF             22             MOV R1,#0FFH
0117 7AFC             23             MOV R2,#0FCH;R2,R3 保存低电平维持时间
0119 7B62             24             MOV R3,#62H
                      25     
011B 888C             26             MOV TH0,R0
011D 898A             27             MOV TL0,R1
011F                  28     START: 
011F D28C             29             SETB TR0
0121 D28E             30             SETB TR1;启动定时器     
0123                  31     LOOP: 
0123 108D02           32             JBC TF0,NEXT;溢出标志位为1 则跳出循环
0126 80FB             33             SJMP LOOP
0128                  34     NEXT: 
0128 B290             35             CPL P1.0;翻转P1.0
012A C28C             36             CLR TR0
012C 209006           37             JB P1.0,UP;若P1.0 为高电平,则进入高电平时间赋值
012F 8A8C             38             MOV TH0,R2
0131 8B8A             39             MOV TL0,R3
0133 8004             40             SJMP BACK
0135                  41     UP: 
0135 888C             42             MOV TH0,R0
0137 898A             43             MOV TL0,R1
0139                  44     BACK: 
0139 80E4             45             SJMP START
                      46     
0200                  47             ORG 0200H
                      48     
0200                  49     INTT0: 
0200 7123             50             ACALL DELAY50MS
0202 C297             51             CLR P1.7;清零INTT1 溢出位
0204 209619           52             JB P1.6,FAIL0;如果INTT0 溢出位为1,功能失效
0207 C3               53             CLR C;进位清零
                      54     
0208 E9               55             MOV A,R1;高电平时钟周期试黾B9H
0209 94B9             56             SUBB A,#0B9H
020B F9               57             MOV R1,A
                      58     
A51 MACRO ASSEMBLER  20231123_T1                                                          11/24/2023 04:21:50 PAGE     2

020C E8               59             MOV A,R0
020D 9400             60             SUBB A,#00H
020F F8               61             MOV R0,A
                      62     
0210 C3               63             CLR C
                      64     
0211 EB               65             MOV A,R3;低电平时钟周期始跎B9H
0212 24B9             66             ADD A,#0B9H
0214 FB               67             MOV R3,A
                      68     
0215 EA               69             MOV A,R2
0216 3400             70             ADDC A,#00H
0218 FA               71             MOV R2,A
                      72     
0219 EB               73             MOV A,R3
021A 2401             74             ADD A,#01H;如果此时R3 为FFH 则A 此时为00H
                      75     
021C 7002             76             JNZ FAIL0
021E D296             77             SETB P1.6;若A 为00H 则表明INTT0溢出,设置溢出位
0220                  78     FAIL0: 
0220 C289             79             CLR IE0;关闭中断
0222 32               80             RETI
                      81     
0300                  82             ORG 0300H
0300                  83     INTT1: 
0300 7123             84             ACALL DELAY50MS
0302 C296             85             CLR P1.6;清零INTT0 溢出位
0304 209719           86             JB P1.7,FAIL1;如果INTT1 溢出位为一,功能失效
0307 C3               87             CLR C;进位清零
                      88     
0308 EB               89             MOV A,R3;低电平时钟周期试黾B9H
0309 94B9             90             SUBB A,#0B9H
030B FB               91             MOV R3,A
                      92     
030C EA               93             MOV A,R2
030D 9400             94             SUBB A,#00H
030F FA               95             MOV R2,A
                      96     
0310 C3               97             CLR C
                      98     
0311 E9               99             MOV A,R1;高电平时钟周期始跎B9H
0312 24B9            100             ADD A,#0B9H
0314 F9              101             MOV R1,A
                     102     
0315 E8              103             MOV A,R0
0316 3400            104             ADDC A,#00H
0318 F8              105             MOV R0,A
                     106     
0319 E9              107             MOV A,R1
031A 2401            108             ADD A,#01H;如果此时R1 为FFH 则A 此时为00H
                     109     
031C 7002            110             JNZ FAIL1
031E D297            111             SETB P1.7;若A 为00H 则表明INTT1 溢出,置溢出位
0320                 112     FAIL1: 
0320 C28B            113             CLR IE1;关闭中断
0322 32              114             RETI
                     115     
                     116     
0323                 117     DELAY50MS:                      ;@11.0592MHz
0323 00              118             NOP
0324 00              119             NOP
0325 00              120             NOP
0326 C030            121             PUSH    30H
0328 C031            122             PUSH    31H
032A C032            123             PUSH    32H
032C 753002          124             MOV             30H,#2
A51 MACRO ASSEMBLER  20231123_T1                                                          11/24/2023 04:21:50 PAGE     3

032F 7531AF          125             MOV             31H,#175
0332 753248          126             MOV             32H,#72
0335                 127     NEXT50:
0335 D532FD          128             DJNZ    32H,NEXT50
0338 D531FA          129             DJNZ    31H,NEXT50
033B D530F7          130             DJNZ    30H,NEXT50
033E D032            131             POP             32H
0340 D031            132             POP             31H
0342 D030            133             POP             30H
0344 22              134             RET
                     135     
0345 80FE            136             SJMP $
                     137             END
                             
                             
                             
                             
                             
                             
                             
                             
                             
                             
                             
                             
                             
                             
                             
                             
                             
                             
                             
                             
                             
                             
                             
                             
                             
                             
                             
                             
                             
                             
                             
                             
                             
                             
                             
                             
                             
                             
                             
                             
                             
                             
                             
                             
                             
                             
                             
                             
                             
                             
                             
                             
                             
A51 MACRO ASSEMBLER  20231123_T1                                                          11/24/2023 04:21:50 PAGE     4

                             
                             
                             
                             
                             
                             
                             
                             
                             
                             
                             
                             
                             
                             
                             
                             
                             
                             
                             
                             
                             
                             
                             
                             
                             
                             
                             
                             
                             
                             
                             
                             
                             
                             
                             
                             
                             
                             
                             
                             
                             
                             
                             
                             
                             
                             
                             
                             
                             
                             
                             
                             
                             
                             
                             
                             
                             
                             
                             
                             
                             
                             
                             
                             
                             
                             
A51 MACRO ASSEMBLER  20231123_T1                                                          11/24/2023 04:21:50 PAGE     5

                             
                             
                             
                             
                             
                             
                             
                             
                             
                             
                             
                             
                             
                             
                             
                             
                             
                             
                             
                             
                             
                             
                             
                             
                             
                             
                              
                             
                             
                             
                             
                             
                             
                             
                             
                             
                             
                             
                             
                             
                             
                             
                             
                             
                             
                             
                             
                             
                             
                             
                             
                             
                             
                             
                             
                             
                             
                             
                             
                             
                             
                             
                             
                             
                             
                             
A51 MACRO ASSEMBLER  20231123_T1                                                          11/24/2023 04:21:50 PAGE     6

                             
                             
                             
                             
                             
                             
                             
                             
                             
                             
                             
                             
                             
                             
                             
                             
                             
                             
                             
                             
                             
                             
                             
                             
                             
                             
                             
                             
                             
                             
                             
                             
                             
                             
                             
                             
                             
                             
                             
                             
                             
                             
                             
                             
                             
                             
                             
                             
                             
                             
                             
                             
                             
                             
                             
                             
                             
                             
                             
                             
                             
                             
                             
                             
                             
                             
A51 MACRO ASSEMBLER  20231123_T1                                                          11/24/2023 04:21:50 PAGE     7

                             
                             
                             
                             
A51 MACRO ASSEMBLER  20231123_T1                                                          11/24/2023 04:21:50 PAGE     8

SYMBOL TABLE LISTING
------ ----- -------


N A M E             T Y P E  V A L U E   ATTRIBUTES

BACK . . . . . . .  C ADDR   0139H   A   
DELAY50MS. . . . .  C ADDR   0323H   A   
EA . . . . . . . .  B ADDR   00A8H.7 A   
EX0. . . . . . . .  B ADDR   00A8H.0 A   
EX1. . . . . . . .  B ADDR   00A8H.2 A   
FAIL0. . . . . . .  C ADDR   0220H   A   
FAIL1. . . . . . .  C ADDR   0320H   A   
IE0. . . . . . . .  B ADDR   0088H.1 A   
IE1. . . . . . . .  B ADDR   0088H.3 A   
INTT0. . . . . . .  C ADDR   0200H   A   
INTT1. . . . . . .  C ADDR   0300H   A   
IT0. . . . . . . .  B ADDR   0088H.0 A   
IT1. . . . . . . .  B ADDR   0088H.2 A   
LOOP . . . . . . .  C ADDR   0123H   A   
MAIN . . . . . . .  C ADDR   0100H   A   
NEXT . . . . . . .  C ADDR   0128H   A   
NEXT50 . . . . . .  C ADDR   0335H   A   
P1 . . . . . . . .  D ADDR   0090H   A   
START. . . . . . .  C ADDR   011FH   A   
TF0. . . . . . . .  B ADDR   0088H.5 A   
TH0. . . . . . . .  D ADDR   008CH   A   
TL0. . . . . . . .  D ADDR   008AH   A   
TMOD . . . . . . .  D ADDR   0089H   A   
TR0. . . . . . . .  B ADDR   0088H.4 A   
TR1. . . . . . . .  B ADDR   0088H.6 A   
UP . . . . . . . .  C ADDR   0135H   A   


REGISTER BANK(S) USED: 0 


ASSEMBLY COMPLETE.  0 WARNING(S), 0 ERROR(S)
